Using pre-set license

 COMMAND LINE ARGUMENTS:
/Applications/Unity/Hub/Editor/2020.3.0f1/Unity.app/Contents/MacOS/Unity
-adb2
-batchMode
-noUpm
-name
AssetImportWorker0
-projectPath
/Users/landpatricio/Documents/GitHub/PLandRI2/PLandRI2/Tincan_hackathon
-logFile
Logs/AssetImportWorker0.log
-srvPort
55325
Successfully changed project path to: /Users/landpatricio/Documents/GitHub/PLandRI2/PLandRI2/Tincan_hackathon
/Users/landpatricio/Documents/GitHub/PLandRI2/PLandRI2/Tincan_hackathon
Using Asset Import Pipeline V2.
Refreshing native plugins compatible for Editor in 54.38 ms, found 2 plugins.
Preloading 0 native plugins for Editor in 0.00 ms.
Initialize engine version: 2020.3.0f1 (c7b5465681fb)
[Subsystems] Discovering subsystems at path /Applications/Unity/Hub/Editor/2020.3.0f1/Unity.app/Contents/Resources/UnitySubsystems
[Subsystems] Discovering subsystems at path /Users/landpatricio/Documents/GitHub/PLandRI2/PLandRI2/Tincan_hackathon/Assets
GfxDevice: creating device client; threaded=0
2021-03-17 15:51:29.488 Unity[25522:1162319] iMac preferred device: NVIDIA GeForce GT 755M (high power)
2021-03-17 15:51:29.488 Unity[25522:1162319] Metal devices available: 1
2021-03-17 15:51:29.488 Unity[25522:1162319] 0: NVIDIA GeForce GT 755M (high power)
2021-03-17 15:51:29.489 Unity[25522:1162319] Using device NVIDIA GeForce GT 755M (high power)
Initializing Metal device caps: NVIDIA GeForce GT 755M
Initialize mono
Mono path[0] = '/Applications/Unity/Hub/Editor/2020.3.0f1/Unity.app/Contents/Managed'
Mono path[1] = '/Applications/Unity/Hub/Editor/2020.3.0f1/Unity.app/Contents/MonoBleedingEdge/lib/mono/unityjit'
Mono config path = '/Applications/Unity/Hub/Editor/2020.3.0f1/Unity.app/Contents/MonoBleedingEdge/etc'
Using monoOptions --debugger-agent=transport=dt_socket,embedding=1,server=y,suspend=n,address=127.0.0.1:56522
Begin MonoManager ReloadAssembly
Registering precompiled unity dll's ...
Register platform support module: /Applications/Unity/Hub/Editor/2020.3.0f1/PlaybackEngines/WebGLSupport/UnityEditor.WebGL.Extensions.dll
Register platform support module: /Applications/Unity/Hub/Editor/2020.3.0f1/Unity.app/Contents/PlaybackEngines/MacStandaloneSupport/UnityEditor.OSXStandalone.Extensions.dll
Registered in 0.000727 seconds.
Native extension for OSXStandalone target not found
Native extension for WebGL target not found
Refreshing native plugins compatible for Editor in 53.51 ms, found 2 plugins.
Preloading 0 native plugins for Editor in 0.00 ms.
Invoked RoslynAnalysisRunner static constructor.
RoslynAnalysisRunner will not be running.
RoslynAnalysisRunner has terminated.
Mono: successfully reloaded assembly
- Completed reload, in  2.174 seconds
Platform modules already initialized, skipping
Registering precompiled user dll's ...
Registered in 0.003600 seconds.
Begin MonoManager ReloadAssembly
Native extension for OSXStandalone target not found
Native extension for WebGL target not found
Refreshing native plugins compatible for Editor in 54.72 ms, found 2 plugins.
Preloading 0 native plugins for Editor in 0.00 ms.
Invoked RoslynAnalysisRunner static constructor.
RoslynAnalysisRunner will not be running.
RoslynAnalysisRunner has terminated.
Mono: successfully reloaded assembly
- Completed reload, in  1.307 seconds
Platform modules already initialized, skipping
========================================================================
Worker process is ready to serve import requests
Launching external process: /Applications/Unity/Hub/Editor/2020.3.0f1/Unity.app/Contents/Tools/UnityShaderCompiler
Launched and connected shader compiler UnityShaderCompiler after 0.08 seconds
Refreshing native plugins compatible for Editor in 0.63 ms, found 2 plugins.
Preloading 0 native plugins for Editor in 0.00 ms.
Unloading 2985 Unused Serialized files (Serialized files now loaded: 0)
System memory in use before: 181.1 MB.
System memory in use after: 181.2 MB.

Unloading 43 unused Assets to reduce memory usage. Loaded Objects now: 3552.
Total: 2.708673 ms (FindLiveObjects: 0.386768 ms CreateObjectMapping: 0.185998 ms MarkObjects: 1.981532 ms  DeleteObjects: 0.152850 ms)

========================================================================
Received Import Request.
  path: Assets/PlayMaker Custom Actions
  artifactKey: Guid(31670f73f514b40d581f384d3a22500b) Importer(815301076,1909f56bfc062723c751e8b465ee728b)
Start importing Assets/PlayMaker Custom Actions using Guid(31670f73f514b40d581f384d3a22500b) Importer(815301076,1909f56bfc062723c751e8b465ee728b)  -> (artifact id: 'd645d3a6ed3d266f0578215b6179c8bf') in 0.005857 seconds
  Import took 0.099518 seconds .

========================================================================
Received Prepare
Registering precompiled user dll's ...
Registered in 0.004412 seconds.
Begin MonoManager ReloadAssembly
Native extension for OSXStandalone target not found
Native extension for WebGL target not found
Refreshing native plugins compatible for Editor in 0.66 ms, found 2 plugins.
Preloading 0 native plugins for Editor in 0.00 ms.
Invoked RoslynAnalysisRunner static constructor.
RoslynAnalysisRunner will not be running.
RoslynAnalysisRunner has terminated.
Mono: successfully reloaded assembly
- Completed reload, in  1.423 seconds
Platform modules already initialized, skipping
Refreshing native plugins compatible for Editor in 0.82 ms, found 2 plugins.
Preloading 0 native plugins for Editor in 0.00 ms.
Unloading 2979 Unused Serialized files (Serialized files now loaded: 0)
System memory in use before: 181.3 MB.
System memory in use after: 181.5 MB.

Unloading 31 unused Assets to reduce memory usage. Loaded Objects now: 3556.
Total: 3.332357 ms (FindLiveObjects: 0.454407 ms CreateObjectMapping: 0.197879 ms MarkObjects: 2.548755 ms  DeleteObjects: 0.129017 ms)

