Using pre-set license

 COMMAND LINE ARGUMENTS:
/Applications/Unity/Hub/Editor/2020.3.0f1/Unity.app/Contents/MacOS/Unity
-adb2
-batchMode
-noUpm
-name
AssetImportWorker3
-projectPath
/Users/landpatricio/Documents/GitHub/PLandRI2/PLandRI2/Tincan_hackathon
-logFile
Logs/AssetImportWorker3.log
-srvPort
59481
Successfully changed project path to: /Users/landpatricio/Documents/GitHub/PLandRI2/PLandRI2/Tincan_hackathon
/Users/landpatricio/Documents/GitHub/PLandRI2/PLandRI2/Tincan_hackathon
Using Asset Import Pipeline V2.
Refreshing native plugins compatible for Editor in 57.39 ms, found 2 plugins.
Preloading 0 native plugins for Editor in 0.00 ms.
Initialize engine version: 2020.3.0f1 (c7b5465681fb)
[Subsystems] Discovering subsystems at path /Applications/Unity/Hub/Editor/2020.3.0f1/Unity.app/Contents/Resources/UnitySubsystems
[Subsystems] Discovering subsystems at path /Users/landpatricio/Documents/GitHub/PLandRI2/PLandRI2/Tincan_hackathon/Assets
GfxDevice: creating device client; threaded=0
2021-03-23 12:18:50.060 Unity[34742:2601694] iMac preferred device: NVIDIA GeForce GT 755M (high power)
2021-03-23 12:18:50.060 Unity[34742:2601694] Metal devices available: 1
2021-03-23 12:18:50.060 Unity[34742:2601694] 0: NVIDIA GeForce GT 755M (high power)
2021-03-23 12:18:50.061 Unity[34742:2601694] Using device NVIDIA GeForce GT 755M (high power)
Initializing Metal device caps: NVIDIA GeForce GT 755M
Initialize mono
Mono path[0] = '/Applications/Unity/Hub/Editor/2020.3.0f1/Unity.app/Contents/Managed'
Mono path[1] = '/Applications/Unity/Hub/Editor/2020.3.0f1/Unity.app/Contents/MonoBleedingEdge/lib/mono/unityjit'
Mono config path = '/Applications/Unity/Hub/Editor/2020.3.0f1/Unity.app/Contents/MonoBleedingEdge/etc'
Using monoOptions --debugger-agent=transport=dt_socket,embedding=1,server=y,suspend=n,address=127.0.0.1:56742
Begin MonoManager ReloadAssembly
Registering precompiled unity dll's ...
Register platform support module: /Applications/Unity/Hub/Editor/2020.3.0f1/PlaybackEngines/WebGLSupport/UnityEditor.WebGL.Extensions.dll
Register platform support module: /Applications/Unity/Hub/Editor/2020.3.0f1/Unity.app/Contents/PlaybackEngines/MacStandaloneSupport/UnityEditor.OSXStandalone.Extensions.dll
Registered in 0.000781 seconds.
Native extension for OSXStandalone target not found
Native extension for WebGL target not found
Refreshing native plugins compatible for Editor in 54.38 ms, found 2 plugins.
Preloading 0 native plugins for Editor in 0.00 ms.
Invoked RoslynAnalysisRunner static constructor.
RoslynAnalysisRunner will not be running.
RoslynAnalysisRunner has terminated.
Mono: successfully reloaded assembly
- Completed reload, in  4.386 seconds
Platform modules already initialized, skipping
Registering precompiled user dll's ...
Registered in 1.614055 seconds.
Begin MonoManager ReloadAssembly
Native extension for OSXStandalone target not found
Native extension for WebGL target not found
Refreshing native plugins compatible for Editor in 51.14 ms, found 2 plugins.
Preloading 0 native plugins for Editor in 0.00 ms.
Invoked RoslynAnalysisRunner static constructor.
RoslynAnalysisRunner will not be running.
RoslynAnalysisRunner has terminated.
Mono: successfully reloaded assembly
- Completed reload, in  1.292 seconds
Platform modules already initialized, skipping
========================================================================
Worker process is ready to serve import requests
Launching external process: /Applications/Unity/Hub/Editor/2020.3.0f1/Unity.app/Contents/Tools/UnityShaderCompiler
Launched and connected shader compiler UnityShaderCompiler after 0.07 seconds
Refreshing native plugins compatible for Editor in 0.63 ms, found 2 plugins.
Preloading 0 native plugins for Editor in 0.00 ms.
Unloading 2986 Unused Serialized files (Serialized files now loaded: 0)
System memory in use before: 181.1 MB.
System memory in use after: 181.2 MB.

Unloading 43 unused Assets to reduce memory usage. Loaded Objects now: 3554.
Total: 2.607018 ms (FindLiveObjects: 0.375354 ms CreateObjectMapping: 0.118949 ms MarkObjects: 1.965994 ms  DeleteObjects: 0.145737 ms)

========================================================================
Received Import Request.
  path: Assets/Scenes
  artifactKey: Guid(df3558fe739124eb8b7bf2e7937d18b4) Importer(815301076,1909f56bfc062723c751e8b465ee728b)
Start importing Assets/Scenes using Guid(df3558fe739124eb8b7bf2e7937d18b4) Importer(815301076,1909f56bfc062723c751e8b465ee728b)  -> (artifact id: 'c3c2dfb278db0314528529f1464e3750') in 0.096089 seconds
  Import took 0.108071 seconds .

